Started POST "/segments" for 127.0.0.1 at 2017-08-25 18:02:01 -0300
  
SyntaxError (/home/hudolf/Projetos/RubyProject/RubyApp/app/controllers/segments_controller.rb:125: syntax error, unexpected ':', expecting ')'
                :segmentation: @segmentation, :field: filter
                              ^
/home/hudolf/Projetos/RubyProject/RubyApp/app/controllers/segments_controller.rb:125: syntax error, unexpected ':', expecting &. or :: or '[' or '.'
tation: @segmentation, :field: filter['field'],
                              ^
/home/hudolf/Projetos/RubyProject/RubyApp/app/controllers/segments_controller.rb:126: syntax error, unexpected ':', expecting &. or :: or '[' or '.'
                :filter: filter['filter'], :value: fil
                        ^
/home/hudolf/Projetos/RubyProject/RubyApp/app/controllers/segments_controller.rb:126: syntax error, unexpected ':', expecting &. or :: or '[' or '.'
ter: filter['filter'], :value: filter['value'])
                              ^
/home/hudolf/Projetos/RubyProject/RubyApp/app/controllers/segments_controller.rb:126: syntax error, unexpected ')', expecting keyword_end
er'], :value: filter['value'])
                              ^
/home/hudolf/Projetos/RubyProject/RubyApp/app/controllers/segments_controller.rb:157: syntax error, unexpected keyword_end, expecting end-of-input):
  
app/controllers/segments_controller.rb:125: syntax error, unexpected ':', expecting ')'
app/controllers/segments_controller.rb:125: syntax error, unexpected ':', expecting &. or :: or '[' or '.'
app/controllers/segments_controller.rb:126: syntax error, unexpected ':', expecting &. or :: or '[' or '.'
app/controllers/segments_controller.rb:126: syntax error, unexpected ':', expecting &. or :: or '[' or '.'
app/controllers/segments_controller.rb:126: syntax error, unexpected ')', expecting keyword_end
app/controllers/segments_controller.rb:157: syntax error, unexpected keyword_end, expecting end-of-input
Started POST "/segments" for 127.0.0.1 at 2017-08-25 18:02:44 -0300
Processing by SegmentsController#create as HTML
  Parameters: {"utf8"=>"✓", "authenticity_token"=>"D9JA08ZTSflkBI50QtHnSZFtMe0TCzgfMoQGRfiboDsG3OZFfJ1EIEnpNfj80E8I+aOGirrHSemr4yGtFUzCvQ==", "segment"=>{"name"=>"Software SC"}, "filter-field"=>{"1"=>{"1"=>"name"}}, "filter-filter"=>{"1"=>{"1"=>"Contains"}}, "filter-value"=>{"1"=>{"1"=>"SC"}}, "commit"=>"Save Segment"}
  [1m[35m (0.1ms)[0m  [1m[36mbegin transaction[0m
  [1m[35mSQL (0.2ms)[0m  [1m[32mINSERT INTO "segmentations" ("name", "created_at", "updated_at") VALUES (?, ?, ?)[0m  [["name", "Software SC"], ["created_at", "2017-08-25 21:02:44.206326"], ["updated_at", "2017-08-25 21:02:44.206326"]]
  [1m[35m (127.4ms)[0m  [1m[36mcommit transaction[0m
Completed 500 Internal Server Error in 158ms (ActiveRecord: 129.6ms)


  
ActiveModel::UnknownAttributeError (unknown attribute 'filter' for SegmentationFilter.):
  
app/controllers/segments_controller.rb:124:in `block in create'
app/controllers/segments_controller.rb:122:in `each'
app/controllers/segments_controller.rb:122:in `create'
Started POST "/segments" for 127.0.0.1 at 2017-08-25 18:04:07 -0300
Processing by SegmentsController#create as HTML
  Parameters: {"utf8"=>"✓", "authenticity_token"=>"D9JA08ZTSflkBI50QtHnSZFtMe0TCzgfMoQGRfiboDsG3OZFfJ1EIEnpNfj80E8I+aOGirrHSemr4yGtFUzCvQ==", "segment"=>{"name"=>"Software SC"}, "filter-field"=>{"1"=>{"1"=>"name"}}, "filter-filter"=>{"1"=>{"1"=>"Contains"}}, "filter-value"=>{"1"=>{"1"=>"SC"}}, "commit"=>"Save Segment"}
  [1m[35m (0.1ms)[0m  [1m[36mbegin transaction[0m
  [1m[35mSQL (0.4ms)[0m  [1m[32mINSERT INTO "segmentations" ("name", "created_at", "updated_at") VALUES (?, ?, ?)[0m  [["name", "Software SC"], ["created_at", "2017-08-25 21:04:07.755722"], ["updated_at", "2017-08-25 21:04:07.755722"]]
  [1m[35m (171.1ms)[0m  [1m[36mcommit transaction[0m
Completed 500 Internal Server Error in 293ms (ActiveRecord: 172.8ms)


  
NameError (undefined local variable or method `segmentation' for #<SegmentsController:0x007ff3a9d773d8>
Did you mean?  @segmentation):
  
app/controllers/segments_controller.rb:123:in `block in create'
app/controllers/segments_controller.rb:122:in `each'
app/controllers/segments_controller.rb:122:in `create'
Started POST "/segments" for 127.0.0.1 at 2017-08-25 18:04:14 -0300
Processing by SegmentsController#create as HTML
  Parameters: {"utf8"=>"✓", "authenticity_token"=>"D9JA08ZTSflkBI50QtHnSZFtMe0TCzgfMoQGRfiboDsG3OZFfJ1EIEnpNfj80E8I+aOGirrHSemr4yGtFUzCvQ==", "segment"=>{"name"=>"Software SC"}, "filter-field"=>{"1"=>{"1"=>"name"}}, "filter-filter"=>{"1"=>{"1"=>"Contains"}}, "filter-value"=>{"1"=>{"1"=>"SC"}}, "commit"=>"Save Segment"}
  [1m[35m (0.1ms)[0m  [1m[36mbegin transaction[0m
  [1m[35mSQL (0.3ms)[0m  [1m[32mINSERT INTO "segmentations" ("name", "created_at", "updated_at") VALUES (?, ?, ?)[0m  [["name", "Software SC"], ["created_at", "2017-08-25 21:04:14.486196"], ["updated_at", "2017-08-25 21:04:14.486196"]]
  [1m[35m (118.0ms)[0m  [1m[36mcommit transaction[0m
  [1m[35m (0.1ms)[0m  [1m[36mbegin transaction[0m
  [1m[35mSQL (0.8ms)[0m  [1m[32mINSERT INTO "segmentation_filters" ("segmentation_id", "group", "field", "operation", "value", "created_at", "updated_at") VALUES (?, ?, ?, ?, ?, ?, ?)[0m  [["segmentation_id", 13], ["group", 1], ["field", "name"], ["operation", "Contains"], ["value", "SC"], ["created_at", "2017-08-25 21:04:14.620046"], ["updated_at", "2017-08-25 21:04:14.620046"]]
  [1m[35m (138.2ms)[0m  [1m[36mcommit transaction[0m
No template found for SegmentsController#create, rendering head :no_content
Completed 204 No Content in 304ms (ActiveRecord: 259.8ms)


Started POST "/segments" for 127.0.0.1 at 2017-08-25 18:04:16 -0300
Processing by SegmentsController#create as HTML
  Parameters: {"utf8"=>"✓", "authenticity_token"=>"D9JA08ZTSflkBI50QtHnSZFtMe0TCzgfMoQGRfiboDsG3OZFfJ1EIEnpNfj80E8I+aOGirrHSemr4yGtFUzCvQ==", "segment"=>{"name"=>"Software SC"}, "filter-field"=>{"1"=>{"1"=>"name"}}, "filter-filter"=>{"1"=>{"1"=>"Contains"}}, "filter-value"=>{"1"=>{"1"=>"SC"}}, "commit"=>"Save Segment"}
  [1m[35m (0.1ms)[0m  [1m[36mbegin transaction[0m
  [1m[35mSQL (0.4ms)[0m  [1m[32mINSERT INTO "segmentations" ("name", "created_at", "updated_at") VALUES (?, ?, ?)[0m  [["name", "Software SC"], ["created_at", "2017-08-25 21:04:16.684731"], ["updated_at", "2017-08-25 21:04:16.684731"]]
  [1m[35m (123.9ms)[0m  [1m[36mcommit transaction[0m
  [1m[35m (0.2ms)[0m  [1m[36mbegin transaction[0m
  [1m[35mSQL (0.3ms)[0m  [1m[32mINSERT INTO "segmentation_filters" ("segmentation_id", "group", "field", "operation", "value", "created_at", "updated_at") VALUES (?, ?, ?, ?, ?, ?, ?)[0m  [["segmentation_id", 14], ["group", 1], ["field", "name"], ["operation", "Contains"], ["value", "SC"], ["created_at", "2017-08-25 21:04:16.813346"], ["updated_at", "2017-08-25 21:04:16.813346"]]
  [1m[35m (163.2ms)[0m  [1m[36mcommit transaction[0m
No template found for SegmentsController#create, rendering head :no_content
Completed 204 No Content in 307ms (ActiveRecord: 288.1ms)


Started POST "/segments" for 127.0.0.1 at 2017-08-25 18:04:35 -0300
Processing by SegmentsController#create as HTML
  Parameters: {"utf8"=>"✓", "authenticity_token"=>"D9JA08ZTSflkBI50QtHnSZFtMe0TCzgfMoQGRfiboDsG3OZFfJ1EIEnpNfj80E8I+aOGirrHSemr4yGtFUzCvQ==", "segment"=>{"name"=>"Software SC"}, "filter-field"=>{"1"=>{"1"=>"name"}}, "filter-filter"=>{"1"=>{"1"=>"Contains"}}, "filter-value"=>{"1"=>{"1"=>"SC"}}, "commit"=>"Save Segment"}
  [1m[35m (0.1ms)[0m  [1m[36mbegin transaction[0m
  [1m[35mSQL (0.3ms)[0m  [1m[32mINSERT INTO "segmentations" ("name", "created_at", "updated_at") VALUES (?, ?, ?)[0m  [["name", "Software SC"], ["created_at", "2017-08-25 21:04:35.199627"], ["updated_at", "2017-08-25 21:04:35.199627"]]
  [1m[35m (148.8ms)[0m  [1m[36mcommit transaction[0m
  [1m[35m (0.1ms)[0m  [1m[36mbegin transaction[0m
  [1m[35mSQL (1.3ms)[0m  [1m[32mINSERT INTO "segmentation_filters" ("segmentation_id", "group", "field", "operation", "value", "created_at", "updated_at") VALUES (?, ?, ?, ?, ?, ?, ?)[0m  [["segmentation_id", 15], ["group", 1], ["field", "name"], ["operation", "Contains"], ["value", "SC"], ["created_at", "2017-08-25 21:04:35.368306"], ["updated_at", "2017-08-25 21:04:35.368306"]]
  [1m[35m (146.3ms)[0m  [1m[36mcommit transaction[0m
  Rendering text template
  Rendered text template (0.0ms)
Completed 200 OK in 331ms (Views: 1.7ms | ActiveRecord: 298.7ms)


Started GET "/segments" for 127.0.0.1 at 2017-08-25 18:04:39 -0300
Processing by SegmentsController#index as HTML
  Rendering segments/index.html.erb within layouts/application
  [1m[36mSegmentation Load (0.2ms)[0m  [1m[34mSELECT "segmentations".* FROM "segmentations"[0m
  Rendered segments/index.html.erb within layouts/application (4.1ms)
Completed 200 OK in 47ms (Views: 44.7ms | ActiveRecord: 0.2ms)


Started GET "/segments" for 127.0.0.1 at 2017-08-25 18:04:58 -0300
Processing by SegmentsController#index as HTML
  Rendering segments/index.html.erb within layouts/application
  [1m[36mSegmentation Load (0.6ms)[0m  [1m[34mSELECT "segmentations".* FROM "segmentations"[0m
  Rendered segments/index.html.erb within layouts/application (16.9ms)
Completed 200 OK in 59ms (Views: 55.4ms | ActiveRecord: 1.8ms)


Started GET "/segments/new" for 127.0.0.1 at 2017-08-25 18:05:00 -0300
Processing by SegmentsController#new as HTML
  Rendering segments/new.html.erb within layouts/application
  Rendered segments/new.html.erb within layouts/application (11.0ms)
Completed 200 OK in 50ms (Views: 48.2ms | ActiveRecord: 0.0ms)


Started GET "/segments/new" for 127.0.0.1 at 2017-08-25 18:05:02 -0300
Processing by SegmentsController#new as HTML
  Rendering segments/new.html.erb within layouts/application
  Rendered segments/new.html.erb within layouts/application (4.1ms)
Completed 200 OK in 32ms (Views: 30.1ms | ActiveRecord: 0.0ms)


Started GET "/segments/new" for 127.0.0.1 at 2017-08-25 18:05:03 -0300
Processing by SegmentsController#new as HTML
  Rendering segments/new.html.erb within layouts/application
  Rendered segments/new.html.erb within layouts/application (2.7ms)
Completed 200 OK in 23ms (Views: 20.8ms | ActiveRecord: 0.0ms)


Started GET "/segments/new" for 127.0.0.1 at 2017-08-25 18:05:04 -0300
Processing by SegmentsController#new as HTML
  Rendering segments/new.html.erb within layouts/application
  Rendered segments/new.html.erb within layouts/application (2.5ms)
Completed 200 OK in 32ms (Views: 30.2ms | ActiveRecord: 0.0ms)


Started GET "/segments" for 127.0.0.1 at 2017-08-25 18:05:06 -0300
Processing by SegmentsController#index as HTML
  Rendering segments/index.html.erb within layouts/application
  [1m[36mSegmentation Load (0.3ms)[0m  [1m[34mSELECT "segmentations".* FROM "segmentations"[0m
  Rendered segments/index.html.erb within layouts/application (4.0ms)
Completed 200 OK in 35ms (Views: 32.6ms | ActiveRecord: 0.3ms)


Started GET "/segments" for 127.0.0.1 at 2017-08-25 18:05:07 -0300
Processing by SegmentsController#index as HTML
  Rendering segments/index.html.erb within layouts/application
  [1m[36mSegmentation Load (0.2ms)[0m  [1m[34mSELECT "segmentations".* FROM "segmentations"[0m
  Rendered segments/index.html.erb within layouts/application (2.2ms)
Completed 200 OK in 28ms (Views: 26.3ms | ActiveRecord: 0.2ms)


Started GET "/segments/new" for 127.0.0.1 at 2017-08-25 18:05:08 -0300
Processing by SegmentsController#new as HTML
  Rendering segments/new.html.erb within layouts/application
  Rendered segments/new.html.erb within layouts/application (2.9ms)
Completed 200 OK in 34ms (Views: 32.2ms | ActiveRecord: 0.0ms)


Started GET "/segments/new" for 127.0.0.1 at 2017-08-25 18:05:12 -0300
Processing by SegmentsController#new as HTML
  Rendering segments/new.html.erb within layouts/application
  Rendered segments/new.html.erb within layouts/application (3.9ms)
Completed 200 OK in 35ms (Views: 32.6ms | ActiveRecord: 0.0ms)


Started POST "/segments" for 127.0.0.1 at 2017-08-25 18:05:23 -0300
Processing by SegmentsController#create as HTML
  Parameters: {"utf8"=>"✓", "authenticity_token"=>"kdlszyhCrJM2fcRaoLwk3/TevUtx6M01wHODU1bXu2+Y18pZkoyhShuQf9YevYyenBAKLNgkvMNZFKS7uwDZ6Q==", "segment"=>{"name"=>"Teste"}, "filter-field"=>{"1"=>{"1"=>"state"}}, "filter-filter"=>{"1"=>{"1"=>"Equal"}}, "filter-value"=>{"1"=>{"1"=>"SC"}}, "commit"=>"Save Segment"}
  [1m[35m (0.1ms)[0m  [1m[36mbegin transaction[0m
  [1m[35mSQL (1.0ms)[0m  [1m[32mINSERT INTO "segmentations" ("name", "created_at", "updated_at") VALUES (?, ?, ?)[0m  [["name", "Teste"], ["created_at", "2017-08-25 21:05:23.694180"], ["updated_at", "2017-08-25 21:05:23.694180"]]
  [1m[35m (548.1ms)[0m  [1m[36mcommit transaction[0m
  [1m[35m (0.1ms)[0m  [1m[36mbegin transaction[0m
  [1m[35mSQL (0.2ms)[0m  [1m[32mINSERT INTO "segmentation_filters" ("segmentation_id", "group", "field", "operation", "value", "created_at", "updated_at") VALUES (?, ?, ?, ?, ?, ?, ?)[0m  [["segmentation_id", 16], ["group", 1], ["field", "state"], ["operation", "Equal"], ["value", "SC"], ["created_at", "2017-08-25 21:05:24.257142"], ["updated_at", "2017-08-25 21:05:24.257142"]]
  [1m[35m (164.0ms)[0m  [1m[36mcommit transaction[0m
  Rendering text template
  Rendered text template (0.0ms)
Completed 200 OK in 732ms (Views: 0.6ms | ActiveRecord: 714.3ms)


Started POST "/segments" for 127.0.0.1 at 2017-08-25 18:05:57 -0300
Processing by SegmentsController#create as HTML
  Parameters: {"utf8"=>"✓", "authenticity_token"=>"kdlszyhCrJM2fcRaoLwk3/TevUtx6M01wHODU1bXu2+Y18pZkoyhShuQf9YevYyenBAKLNgkvMNZFKS7uwDZ6Q==", "segment"=>{"name"=>"Teste"}, "filter-field"=>{"1"=>{"1"=>"state"}}, "filter-filter"=>{"1"=>{"1"=>"Equal"}}, "filter-value"=>{"1"=>{"1"=>"SP"}}, "commit"=>"Save Segment"}
  [1m[35m (0.1ms)[0m  [1m[36mbegin transaction[0m
  [1m[35mSQL (0.3ms)[0m  [1m[32mINSERT INTO "segmentations" ("name", "created_at", "updated_at") VALUES (?, ?, ?)[0m  [["name", "Teste"], ["created_at", "2017-08-25 21:05:57.871654"], ["updated_at", "2017-08-25 21:05:57.871654"]]
  [1m[35m (188.4ms)[0m  [1m[36mcommit transaction[0m
  [1m[35m (0.1ms)[0m  [1m[36mbegin transaction[0m
  [1m[35mSQL (0.3ms)[0m  [1m[32mINSERT INTO "segmentation_filters" ("segmentation_id", "group", "field", "operation", "value", "created_at", "updated_at") VALUES (?, ?, ?, ?, ?, ?, ?)[0m  [["segmentation_id", 17], ["group", 1], ["field", "state"], ["operation", "Equal"], ["value", "SP"], ["created_at", "2017-08-25 21:05:58.075492"], ["updated_at", "2017-08-25 21:05:58.075492"]]
  [1m[35m (140.3ms)[0m  [1m[36mcommit transaction[0m
  Rendering text template
  Rendered text template (0.0ms)
Completed 200 OK in 358ms (Views: 0.7ms | ActiveRecord: 331.4ms)


Started GET "/" for 127.0.0.1 at 2017-08-25 18:06:02 -0300
Processing by IndexController#index as HTML
  Rendering index/index.html.erb within layouts/application
  Rendered index/index.html.erb within layouts/application (0.8ms)
Completed 200 OK in 53ms (Views: 19.1ms | ActiveRecord: 0.0ms)


Started GET "/contacts" for 127.0.0.1 at 2017-08-25 18:06:05 -0300
Processing by ContactsController#index as HTML
  Rendering contacts/index.html.erb
  [1m[36mContact Load (0.8ms)[0m  [1m[34mSELECT "contacts".* FROM "contacts"[0m
  Rendered contacts/index.html.erb (11.8ms)
Completed 200 OK in 17ms (Views: 12.3ms | ActiveRecord: 1.5ms)


Started GET "/contacts?segmentation_id=17" for 127.0.0.1 at 2017-08-25 18:06:14 -0300
Processing by ContactsController#index as HTML
  Parameters: {"segmentation_id"=>"17"}
  Rendering contacts/index.html.erb
  Rendered contacts/index.html.erb (1.2ms)
Completed 200 OK in 4ms (Views: 2.2ms | ActiveRecord: 0.0ms)


